Arguments: 
  C:\Program Files\nodejs\node.exe C:\Program Files (x86)\Yarn\bin\yarn.js add express

PATH: 
  C:\Program Files\Git\mingw64\bin;C:\Program Files\Git\usr\bin;C:\Users\Danial Munsif\bin;C:\Windows\system32;C:\Windows;C:\Windows\System32\Wbem;C:\Windows\System32\WindowsPowerShell\v1.0;C:\Program Files (x86)\AMD\ATI.ACE\Core-Static;C:\xampp\php;C:\ProgramData\ComposerSetup\bin;C:\Program Files\Git\cmd;C:\Program Files\Git\mingw64\bin;C:\Program Files\Git\usr\bin;C:\Program Files (x86)\Skype\Phone;C:\Program Files\nodejs;C:\Program Files (x86)\Yarn\bin;C:\Windows\system32;C:\Windows;C:\Windows\System32\Wbem;C:\Windows\System32\WindowsPowerShell\v1.0;C:\Program Files (x86)\Skype\Phone;C:\Program Files (x86)\AMD\ATI.ACE\Core-Static;C:\Users\Danial Munsif\AppData\Local\Microsoft\WindowsApps;C:\Program Files (x86)\Microsoft VS Code\bin;C:\Users\Danial Munsif\AppData\Roaming\Composer\vendor\bin;C:\Users\Danial Munsif\AppData\Roaming\npm;C:\Program Files\MongoDB\Server\3.6\bin;C:\Users\Danial Munsif\AppData\Local\Yarn\bin

Yarn version: 
  1.7.0

Node version: 
  8.9.3

Platform: 
  win32 x64

Trace: 
  Error: read ECONNRESET
      at _errnoException (util.js:1024:11)
      at TCP.onread (net.js:615:25)

npm manifest: 
  {
    "name": "bookworm-api",
    "version": "1.0.0",
    "main": "index.js",
    "license": "MIT",
    "scripts": {
      "start": "babel-node src/index.js"
    },
    "devDependencies": {
      "babel-cli": "*",
      "babel-preset-env": "*"
    }
  }

yarn manifest: 
  No manifest

Lockfile: 
  No lockfile
